=== puma startup: 2018-01-10 04:22:35 -0500 ===
/home/baby/.rbenv/versions/2.4.3/lib/ruby/gems/2.4.0/gems/puma-3.11.0/lib/puma/launcher.rb:130:in `initialize': No such file or directory @ rb_sysopen - /www/Haley_blog/shared/tmp/pids/puma.pid (Errno::ENOENT)
	from /home/baby/.rbenv/versions/2.4.3/lib/ruby/gems/2.4.0/gems/puma-3.11.0/lib/puma/launcher.rb:130:in `open'
	from /home/baby/.rbenv/versions/2.4.3/lib/ruby/gems/2.4.0/gems/puma-3.11.0/lib/puma/launcher.rb:130:in `write_pid'
	from /home/baby/.rbenv/versions/2.4.3/lib/ruby/gems/2.4.0/gems/puma-3.11.0/lib/puma/launcher.rb:103:in `write_state'
	from /home/baby/.rbenv/versions/2.4.3/lib/ruby/gems/2.4.0/gems/puma-3.11.0/lib/puma/cluster.rb:445:in `run'
	from /home/baby/.rbenv/versions/2.4.3/lib/ruby/gems/2.4.0/gems/puma-3.11.0/lib/puma/launcher.rb:183:in `run'
	from /home/baby/.rbenv/versions/2.4.3/lib/ruby/gems/2.4.0/gems/puma-3.11.0/lib/rack/handler/puma.rb:69:in `run'
	from /home/baby/.rbenv/versions/2.4.3/lib/ruby/gems/2.4.0/gems/rack-2.0.3/lib/rack/server.rb:297:in `start'
	from /home/baby/.rbenv/versions/2.4.3/lib/ruby/gems/2.4.0/gems/railties-5.1.4/lib/rails/commands/server/server_command.rb:44:in `start'
	from /home/baby/.rbenv/versions/2.4.3/lib/ruby/gems/2.4.0/gems/railties-5.1.4/lib/rails/commands/server/server_command.rb:135:in `block in perform'
	from /home/baby/.rbenv/versions/2.4.3/lib/ruby/gems/2.4.0/gems/railties-5.1.4/lib/rails/commands/server/server_command.rb:130:in `tap'
	from /home/baby/.rbenv/versions/2.4.3/lib/ruby/gems/2.4.0/gems/railties-5.1.4/lib/rails/commands/server/server_command.rb:130:in `perform'
	from /home/baby/.rbenv/versions/2.4.3/lib/ruby/gems/2.4.0/gems/thor-0.20.0/lib/thor/command.rb:27:in `run'
	from /home/baby/.rbenv/versions/2.4.3/lib/ruby/gems/2.4.0/gems/thor-0.20.0/lib/thor/invocation.rb:126:in `invoke_command'
	from /home/baby/.rbenv/versions/2.4.3/lib/ruby/gems/2.4.0/gems/thor-0.20.0/lib/thor.rb:387:in `dispatch'
	from /home/baby/.rbenv/versions/2.4.3/lib/ruby/gems/2.4.0/gems/railties-5.1.4/lib/rails/command/base.rb:63:in `perform'
	from /home/baby/.rbenv/versions/2.4.3/lib/ruby/gems/2.4.0/gems/railties-5.1.4/lib/rails/command.rb:44:in `invoke'
	from /home/baby/.rbenv/versions/2.4.3/lib/ruby/gems/2.4.0/gems/railties-5.1.4/lib/rails/commands.rb:16:in `<top (required)>'
	from /www/Haley_blog/bin/rails:9:in `require'
	from /www/Haley_blog/bin/rails:9:in `<top (required)>'
	from /home/baby/.rbenv/versions/2.4.3/lib/ruby/gems/2.4.0/gems/spring-2.0.2/lib/spring/client/rails.rb:28:in `load'
	from /home/baby/.rbenv/versions/2.4.3/lib/ruby/gems/2.4.0/gems/spring-2.0.2/lib/spring/client/rails.rb:28:in `call'
	from /home/baby/.rbenv/versions/2.4.3/lib/ruby/gems/2.4.0/gems/spring-2.0.2/lib/spring/client/command.rb:7:in `call'
	from /home/baby/.rbenv/versions/2.4.3/lib/ruby/gems/2.4.0/gems/spring-2.0.2/lib/spring/client.rb:30:in `run'
	from /home/baby/.rbenv/versions/2.4.3/lib/ruby/gems/2.4.0/gems/spring-2.0.2/bin/spring:49:in `<top (required)>'
	from /home/baby/.rbenv/versions/2.4.3/lib/ruby/gems/2.4.0/gems/spring-2.0.2/lib/spring/binstub.rb:31:in `load'
	from /home/baby/.rbenv/versions/2.4.3/lib/ruby/gems/2.4.0/gems/spring-2.0.2/lib/spring/binstub.rb:31:in `<top (required)>'
	from /www/Haley_blog/bin/spring:15:in `require'
	from /www/Haley_blog/bin/spring:15:in `<top (required)>'
	from bin/rails:3:in `load'
	from bin/rails:3:in `<main>'
